<?xml version="1.0" encoding="UTF-8"?>
<testsuite name="com.practice.algoexpert.TwoNumberSumTest" tests="3" skipped="0" failures="0" errors="0" timestamp="2020-04-10T15:42:01" hostname="OPBL-PC0H6R71" time="0.005">
  <properties/>
  <testcase name="test1" classname="com.practice.algoexpert.TwoNumberSumTest" time="0.004"/>
  <testcase name="test2" classname="com.practice.algoexpert.TwoNumberSumTest" time="0.0"/>
  <testcase name="test3" classname="com.practice.algoexpert.TwoNumberSumTest" time="0.001"/>
  <system-out><![CDATA[]]></system-out>
  <system-err><![CDATA[]]></system-err>
</testsuite>
